  polygon_demo.cpp
c:\users\admin\desktop\mathvision-master\src\cpp_template\polygon_demo.cpp(155): warning C4018: '<': signed 또는 unsigned가 일치하지 않습니다.
c:\users\admin\desktop\mathvision-master\src\cpp_template\polygon_demo.cpp(181): warning C4244: '=': '_Tp'에서 'float'(으)로 변환하면서 데이터가 손실될 수 있습니다.
          with
          [
              _Tp=int
          ]
c:\users\admin\desktop\mathvision-master\src\cpp_template\polygon_demo.cpp(183): warning C4244: '=': '_Tp'에서 'float'(으)로 변환하면서 데이터가 손실될 수 있습니다.
          with
          [
              _Tp=int
          ]
c:\users\admin\desktop\mathvision-master\src\cpp_template\polygon_demo.cpp(185): warning C4244: '=': '_Tp'에서 'float'(으)로 변환하면서 데이터가 손실될 수 있습니다.
          with
          [
              _Tp=int
          ]
c:\users\admin\desktop\mathvision-master\src\cpp_template\polygon_demo.cpp(187): warning C4244: '=': '_Tp'에서 'float'(으)로 변환하면서 데이터가 손실될 수 있습니다.
          with
          [
              _Tp=int
          ]
c:\users\admin\desktop\mathvision-master\src\cpp_template\polygon_demo.cpp(193): warning C4018: '<': signed 또는 unsigned가 일치하지 않습니다.
c:\users\admin\desktop\mathvision-master\src\cpp_template\polygon_demo.cpp(226): warning C4244: '=': 'int'에서 '_Tp'(으)로 변환하면서 데이터가 손실될 수 있습니다.
          with
          [
              _Tp=float
          ]
c:\users\admin\desktop\mathvision-master\src\cpp_template\polygon_demo.cpp(227): warning C4244: '=': 'int'에서 '_Tp'(으)로 변환하면서 데이터가 손실될 수 있습니다.
          with
          [
              _Tp=float
          ]
c:\users\admin\desktop\mathvision-master\src\cpp_template\polygon_demo.cpp(230): warning C4244: '=': 'double'에서 '_Tp'(으)로 변환하면서 데이터가 손실될 수 있습니다.
          with
          [
              _Tp=float
          ]
c:\users\admin\desktop\mathvision-master\src\cpp_template\polygon_demo.cpp(266): warning C4244: '=': 'double'에서 '_Tp'(으)로 변환하면서 데이터가 손실될 수 있습니다.
          with
          [
              _Tp=float
          ]
c:\users\admin\desktop\mathvision-master\src\cpp_template\polygon_demo.cpp(267): warning C4244: '=': 'int'에서 '_Tp'(으)로 변환하면서 데이터가 손실될 수 있습니다.
          with
          [
              _Tp=float
          ]
c:\users\admin\desktop\mathvision-master\src\cpp_template\polygon_demo.cpp(268): warning C4244: '=': 'double'에서 '_Tp'(으)로 변환하면서 데이터가 손실될 수 있습니다.
          with
          [
              _Tp=float
          ]
c:\users\admin\desktop\mathvision-master\src\cpp_template\polygon_demo.cpp(269): warning C4244: '=': 'int'에서 '_Tp'(으)로 변환하면서 데이터가 손실될 수 있습니다.
          with
          [
              _Tp=float
          ]
c:\users\admin\desktop\mathvision-master\src\cpp_template\polygon_demo.cpp(270): warning C4244: '=': 'int'에서 '_Tp'(으)로 변환하면서 데이터가 손실될 수 있습니다.
          with
          [
              _Tp=float
          ]
c:\users\admin\desktop\mathvision-master\src\cpp_template\polygon_demo.cpp(292): warning C4244: '=': 'double'에서 'float'(으)로 변환하면서 데이터가 손실될 수 있습니다.
c:\users\admin\desktop\mathvision-master\src\cpp_template\polygon_demo.cpp(297): warning C4244: '초기화 중': 'double'에서 'float'(으)로 변환하면서 데이터가 손실될 수 있습니다.
c:\users\admin\desktop\mathvision-master\src\cpp_template\polygon_demo.cpp(302): warning C4244: '=': 'double'에서 'float'(으)로 변환하면서 데이터가 손실될 수 있습니다.
c:\users\admin\desktop\mathvision-master\src\cpp_template\polygon_demo.cpp(335): warning C4244: '=': 'int'에서 '_Tp'(으)로 변환하면서 데이터가 손실될 수 있습니다.
          with
          [
              _Tp=float
          ]
c:\users\admin\desktop\mathvision-master\src\cpp_template\polygon_demo.cpp(336): warning C4244: '=': 'int'에서 '_Tp'(으)로 변환하면서 데이터가 손실될 수 있습니다.
          with
          [
              _Tp=float
          ]
c:\users\admin\desktop\mathvision-master\src\cpp_template\polygon_demo.cpp(364): warning C4244: '=': 'int'에서 '_Tp'(으)로 변환하면서 데이터가 손실될 수 있습니다.
          with
          [
              _Tp=float
          ]
c:\users\admin\desktop\mathvision-master\src\cpp_template\polygon_demo.cpp(365): warning C4244: '=': 'int'에서 '_Tp'(으)로 변환하면서 데이터가 손실될 수 있습니다.
          with
          [
              _Tp=float
          ]
c:\users\admin\desktop\mathvision-master\src\cpp_template\polygon_demo.cpp(210): warning C4715: 'PolygonDemo::classifyHomography': 모든 제어 경로에서 값을 반환하지는 않습니다.
  cpp_template.vcxproj -> C:\Users\Admin\Desktop\mathvision-master\src\cpp_template\..\..\bin\cpp_template.exe
